This is pdfTeX, Version 3.141592653-2.6-1.40.22 (TeX Live 2022/dev/Debian) (preloaded format=pdflatex 2023.10.5)  24 FEB 2024 13:06
entering extended mode
 restricted \write18 enabled.
 %&-line parsing enabled.
**practica3.tex
(./practica3.tex
LaTeX2e <2021-11-15> patch level 1
L3 programming layer <2022-01-21>
(/usr/share/texlive/texmf-dist/tex/latex/base/report.cls
Document Class: report 2021/10/04 v1.4n Standard LaTeX document class
(/usr/share/texlive/texmf-dist/tex/latex/base/size12.clo
File: size12.clo 2021/10/04 v1.4n Standard LaTeX file (size option)
)
\c@part=\count185
\c@chapter=\count186
\c@section=\count187
\c@subsection=\count188
\c@subsubsection=\count189
\c@paragraph=\count190
\c@subparagraph=\count191
\c@figure=\count192
\c@table=\count193
\abovecaptionskip=\skip47
\belowcaptionskip=\skip48
\bibindent=\dimen138
)
(/usr/share/texlive/texmf-dist/tex/latex/graphics/graphicx.sty
Package: graphicx 2021/09/16 v1.2d Enhanced LaTeX Graphics (DPC,SPQR)

(/usr/share/texlive/texmf-dist/tex/latex/graphics/keyval.sty
Package: keyval 2014/10/28 v1.15 key=value parser (DPC)
\KV@toks@=\toks16
)
(/usr/share/texlive/texmf-dist/tex/latex/graphics/graphics.sty
Package: graphics 2021/03/04 v1.4d Standard LaTeX Graphics (DPC,SPQR)

(/usr/share/texlive/texmf-dist/tex/latex/graphics/trig.sty
Package: trig 2021/08/11 v1.11 sin cos tan (DPC)
)
(/usr/share/texlive/texmf-dist/tex/latex/graphics-cfg/graphics.cfg
File: graphics.cfg 2016/06/04 v1.11 sample graphics configuration
)
Package graphics Info: Driver file: pdftex.def on input line 107.

(/usr/share/texlive/texmf-dist/tex/latex/graphics-def/pdftex.def
File: pdftex.def 2020/10/05 v1.2a Graphics/color driver for pdftex
))
\Gin@req@height=\dimen139
\Gin@req@width=\dimen140
)
(/usr/share/texlive/texmf-dist/tex/latex/enumitem/enumitem.sty
Package: enumitem 2019/06/20 v3.9 Customized lists
\labelindent=\skip49
\enit@outerparindent=\dimen141
\enit@toks=\toks17
\enit@inbox=\box50
\enit@count@id=\count194
\enitdp@description=\count195
)
(/usr/share/texlive/texmf-dist/tex/latex/geometry/geometry.sty
Package: geometry 2020/01/02 v5.9 Page Geometry

(/usr/share/texlive/texmf-dist/tex/generic/iftex/ifvtex.sty
Package: ifvtex 2019/10/25 v1.7 ifvtex legacy package. Use iftex instead.

(/usr/share/texlive/texmf-dist/tex/generic/iftex/iftex.sty
Package: iftex 2020/03/06 v1.0d TeX engine tests
))
\Gm@cnth=\count196
\Gm@cntv=\count197
\c@Gm@tempcnt=\count198
\Gm@bindingoffset=\dimen142
\Gm@wd@mp=\dimen143
\Gm@odd@mp=\dimen144
\Gm@even@mp=\dimen145
\Gm@layoutwidth=\dimen146
\Gm@layoutheight=\dimen147
\Gm@layouthoffset=\dimen148
\Gm@layoutvoffset=\dimen149
\Gm@dimlist=\toks18
)
(/usr/share/texlive/texmf-dist/tex/latex/xcolor/xcolor.sty
Package: xcolor 2021/10/31 v2.13 LaTeX color extensions (UK)

(/usr/share/texlive/texmf-dist/tex/latex/graphics-cfg/color.cfg
File: color.cfg 2016/01/02 v1.6 sample color configuration
)
Package xcolor Info: Driver file: pdftex.def on input line 227.
Package xcolor Info: Model `cmy' substituted by `cmy0' on input line 1352.
Package xcolor Info: Model `hsb' substituted by `rgb' on input line 1356.
Package xcolor Info: Model `RGB' extended on input line 1368.
Package xcolor Info: Model `HTML' substituted by `rgb' on input line 1370.
Package xcolor Info: Model `Hsb' substituted by `hsb' on input line 1371.
Package xcolor Info: Model `tHsb' substituted by `hsb' on input line 1372.
Package xcolor Info: Model `HSB' substituted by `hsb' on input line 1373.
Package xcolor Info: Model `Gray' substituted by `gray' on input line 1374.
Package xcolor Info: Model `wave' substituted by `hsb' on input line 1375.
)
(/usr/share/texlive/texmf-dist/tex/latex/adjustbox/adjustbox.sty
Package: adjustbox 2020/08/19 v1.3 Adjusting TeX boxes (trim, clip, ...)

(/usr/share/texlive/texmf-dist/tex/latex/xkeyval/xkeyval.sty
Package: xkeyval 2020/11/20 v2.8 package option processing (HA)

(/usr/share/texlive/texmf-dist/tex/generic/xkeyval/xkeyval.tex
(/usr/share/texlive/texmf-dist/tex/generic/xkeyval/xkvutils.tex
\XKV@toks=\toks19
\XKV@tempa@toks=\toks20
)
\XKV@depth=\count199
File: xkeyval.tex 2014/12/03 v2.7a key=value parser (HA)
))
(/usr/share/texlive/texmf-dist/tex/latex/adjustbox/adjcalc.sty
Package: adjcalc 2012/05/16 v1.1 Provides advanced setlength with multiple back
-ends (calc, etex, pgfmath)
)
(/usr/share/texlive/texmf-dist/tex/latex/adjustbox/trimclip.sty
Package: trimclip 2020/08/19 v1.2 Trim and clip general TeX material

(/usr/share/texlive/texmf-dist/tex/latex/collectbox/collectbox.sty
Package: collectbox 2012/05/17 v0.4b Collect macro arguments as boxes
\collectedbox=\box51
)
\tc@llx=\dimen150
\tc@lly=\dimen151
\tc@urx=\dimen152
\tc@ury=\dimen153
Package trimclip Info: Using driver 'tc-pdftex.def'.

(/usr/share/texlive/texmf-dist/tex/latex/adjustbox/tc-pdftex.def
File: tc-pdftex.def 2019/01/04 v2.2 Clipping driver for pdftex
))
\adjbox@Width=\dimen154
\adjbox@Height=\dimen155
\adjbox@Depth=\dimen156
\adjbox@Totalheight=\dimen157
\adjbox@pwidth=\dimen158
\adjbox@pheight=\dimen159
\adjbox@pdepth=\dimen160
\adjbox@ptotalheight=\dimen161

(/usr/share/texlive/texmf-dist/tex/latex/ifoddpage/ifoddpage.sty
Package: ifoddpage 2016/04/23 v1.1 Conditionals for odd/even page detection
\c@checkoddpage=\count266
)
(/usr/share/texlive/texmf-dist/tex/latex/varwidth/varwidth.sty
Package: varwidth 2009/03/30 ver 0.92;  Variable-width minipages
\@vwid@box=\box52
\sift@deathcycles=\count267
\@vwid@loff=\dimen162
\@vwid@roff=\dimen163
))
(/usr/share/texlive/texmf-dist/tex/latex/titlesec/titlesec.sty
Package: titlesec 2021/07/05 v2.14 Sectioning titles
\ttl@box=\box53
\beforetitleunit=\skip50
\aftertitleunit=\skip51
\ttl@plus=\dimen164
\ttl@minus=\dimen165
\ttl@toksa=\toks21
\titlewidth=\dimen166
\titlewidthlast=\dimen167
\titlewidthfirst=\dimen168
)
(/usr/share/texlive/texmf-dist/tex/latex/float/float.sty
Package: float 2001/11/08 v1.3d Float enhancements (AL)
\c@float@type=\count268
\float@exts=\toks22
\float@box=\box54
\@float@everytoks=\toks23
\@floatcapt=\box55
)
(/usr/share/texlive/texmf-dist/tex/latex/listings/listings.sty
\lst@mode=\count269
\lst@gtempboxa=\box56
\lst@token=\toks24
\lst@length=\count270
\lst@currlwidth=\dimen169
\lst@column=\count271
\lst@pos=\count272
\lst@lostspace=\dimen170
\lst@width=\dimen171
\lst@newlines=\count273
\lst@lineno=\count274
\lst@maxwidth=\dimen172

(/usr/share/texlive/texmf-dist/tex/latex/listings/lstmisc.sty
File: lstmisc.sty 2020/03/24 1.8d (Carsten Heinz)
\c@lstnumber=\count275
\lst@skipnumbers=\count276
\lst@framebox=\box57
)
(/usr/share/texlive/texmf-dist/tex/latex/listings/listings.cfg
File: listings.cfg 2020/03/24 1.8d listings configuration
))
Package: listings 2020/03/24 1.8d (Carsten Heinz)

(/usr/share/texlive/texmf-dist/tex/latex/hyperref/hyperref.sty
Package: hyperref 2021-06-07 v7.00m Hypertext links for LaTeX

(/usr/share/texlive/texmf-dist/tex/generic/ltxcmds/ltxcmds.sty
Package: ltxcmds 2020-05-10 v1.25 LaTeX kernel commands for general use (HO)
)
(/usr/share/texlive/texmf-dist/tex/generic/pdftexcmds/pdftexcmds.sty
Package: pdftexcmds 2020-06-27 v0.33 Utility functions of pdfTeX for LuaTeX (HO
)

(/usr/share/texlive/texmf-dist/tex/generic/infwarerr/infwarerr.sty
Package: infwarerr 2019/12/03 v1.5 Providing info/warning/error messages (HO)
)
Package pdftexcmds Info: \pdf@primitive is available.
Package pdftexcmds Info: \pdf@ifprimitive is available.
Package pdftexcmds Info: \pdfdraftmode found.
)
(/usr/share/texlive/texmf-dist/tex/generic/kvsetkeys/kvsetkeys.sty
Package: kvsetkeys 2019/12/15 v1.18 Key value parser (HO)
)
(/usr/share/texlive/texmf-dist/tex/generic/kvdefinekeys/kvdefinekeys.sty
Package: kvdefinekeys 2019-12-19 v1.6 Define keys (HO)
)
(/usr/share/texlive/texmf-dist/tex/generic/pdfescape/pdfescape.sty
Package: pdfescape 2019/12/09 v1.15 Implements pdfTeX's escape features (HO)
)
(/usr/share/texlive/texmf-dist/tex/latex/hycolor/hycolor.sty
Package: hycolor 2020-01-27 v1.10 Color options for hyperref/bookmark (HO)
)
(/usr/share/texlive/texmf-dist/tex/latex/letltxmacro/letltxmacro.sty
Package: letltxmacro 2019/12/03 v1.6 Let assignment for LaTeX macros (HO)
)
(/usr/share/texlive/texmf-dist/tex/latex/auxhook/auxhook.sty
Package: auxhook 2019-12-17 v1.6 Hooks for auxiliary files (HO)
)
(/usr/share/texlive/texmf-dist/tex/latex/kvoptions/kvoptions.sty
Package: kvoptions 2020-10-07 v3.14 Key value format for package options (HO)
)
\@linkdim=\dimen173
\Hy@linkcounter=\count277
\Hy@pagecounter=\count278

(/usr/share/texlive/texmf-dist/tex/latex/hyperref/pd1enc.def
File: pd1enc.def 2021-06-07 v7.00m Hyperref: PDFDocEncoding definition (HO)
Now handling font encoding PD1 ...
... no UTF-8 mapping file for font encoding PD1
)
(/usr/share/texlive/texmf-dist/tex/latex/hyperref/hyperref-langpatches.def
File: hyperref-langpatches.def 2021-06-07 v7.00m Hyperref: patches for babel la
nguages
)
(/usr/share/texlive/texmf-dist/tex/generic/intcalc/intcalc.sty
Package: intcalc 2019/12/15 v1.3 Expandable calculations with integers (HO)
)
(/usr/share/texlive/texmf-dist/tex/generic/etexcmds/etexcmds.sty
Package: etexcmds 2019/12/15 v1.7 Avoid name clashes with e-TeX commands (HO)
)
\Hy@SavedSpaceFactor=\count279

(/usr/share/texlive/texmf-dist/tex/latex/hyperref/puenc.def
File: puenc.def 2021-06-07 v7.00m Hyperref: PDF Unicode definition (HO)
Now handling font encoding PU ...
... no UTF-8 mapping file for font encoding PU
)
Package hyperref Info: Hyper figures OFF on input line 4192.
Package hyperref Info: Link nesting OFF on input line 4197.
Package hyperref Info: Hyper index ON on input line 4200.
Package hyperref Info: Plain pages OFF on input line 4207.
Package hyperref Info: Backreferencing OFF on input line 4212.
Package hyperref Info: Implicit mode ON; LaTeX internals redefined.
Package hyperref Info: Bookmarks ON on input line 4445.
\c@Hy@tempcnt=\count280

(/usr/share/texlive/texmf-dist/tex/latex/url/url.sty
\Urlmuskip=\muskip16
Package: url 2013/09/16  ver 3.4  Verb mode for urls, etc.
)
LaTeX Info: Redefining \url on input line 4804.
\XeTeXLinkMargin=\dimen174

(/usr/share/texlive/texmf-dist/tex/generic/bitset/bitset.sty
Package: bitset 2019/12/09 v1.3 Handle bit-vector datatype (HO)

(/usr/share/texlive/texmf-dist/tex/generic/bigintcalc/bigintcalc.sty
Package: bigintcalc 2019/12/15 v1.5 Expandable calculations on big integers (HO
)
))
\Fld@menulength=\count281
\Field@Width=\dimen175
\Fld@charsize=\dimen176
Package hyperref Info: Hyper figures OFF on input line 6076.
Package hyperref Info: Link nesting OFF on input line 6081.
Package hyperref Info: Hyper index ON on input line 6084.
Package hyperref Info: backreferencing OFF on input line 6091.
Package hyperref Info: Link coloring OFF on input line 6096.
Package hyperref Info: Link coloring with OCG OFF on input line 6101.
Package hyperref Info: PDF/A mode OFF on input line 6106.
LaTeX Info: Redefining \ref on input line 6146.
LaTeX Info: Redefining \pageref on input line 6150.

(/usr/share/texlive/texmf-dist/tex/latex/base/atbegshi-ltx.sty
Package: atbegshi-ltx 2021/01/10 v1.0c Emulation of the original atbegshi
package with kernel methods
)
\Hy@abspage=\count282
\c@Item=\count283
\c@Hfootnote=\count284
)
Package hyperref Info: Driver (autodetected): hpdftex.

(/usr/share/texlive/texmf-dist/tex/latex/hyperref/hpdftex.def
File: hpdftex.def 2021-06-07 v7.00m Hyperref driver for pdfTeX

(/usr/share/texlive/texmf-dist/tex/latex/base/atveryend-ltx.sty
Package: atveryend-ltx 2020/08/19 v1.0a Emulation of the original atveryend pac
kage
with kernel methods
)
\Fld@listcount=\count285
\c@bookmark@seq@number=\count286

(/usr/share/texlive/texmf-dist/tex/latex/rerunfilecheck/rerunfilecheck.sty
Package: rerunfilecheck 2019/12/05 v1.9 Rerun checks for auxiliary files (HO)

(/usr/share/texlive/texmf-dist/tex/generic/uniquecounter/uniquecounter.sty
Package: uniquecounter 2019/12/15 v1.4 Provide unlimited unique counter (HO)
)
Package uniquecounter Info: New unique counter `rerunfilecheck' on input line 2
86.
)
\Hy@SectionHShift=\skip52
)
(/usr/share/texlive/texmf-dist/tex/latex/l3backend/l3backend-pdftex.def
File: l3backend-pdftex.def 2022-01-12 L3 backend support: PDF output (pdfTeX)
\l__color_backend_stack_int=\count287
\l__pdf_internal_box=\box58
)
(./practica3.aux)
\openout1 = `practica3.aux'.

LaTeX Font Info:    Checking defaults for OML/cmm/m/it on input line 19.
LaTeX Font Info:    ... okay on input line 19.
LaTeX Font Info:    Checking defaults for OMS/cmsy/m/n on input line 19.
LaTeX Font Info:    ... okay on input line 19.
LaTeX Font Info:    Checking defaults for OT1/cmr/m/n on input line 19.
LaTeX Font Info:    ... okay on input line 19.
LaTeX Font Info:    Checking defaults for T1/cmr/m/n on input line 19.
LaTeX Font Info:    ... okay on input line 19.
LaTeX Font Info:    Checking defaults for TS1/cmr/m/n on input line 19.
LaTeX Font Info:    ... okay on input line 19.
LaTeX Font Info:    Checking defaults for OMX/cmex/m/n on input line 19.
LaTeX Font Info:    ... okay on input line 19.
LaTeX Font Info:    Checking defaults for U/cmr/m/n on input line 19.
LaTeX Font Info:    ... okay on input line 19.
LaTeX Font Info:    Checking defaults for PD1/pdf/m/n on input line 19.
LaTeX Font Info:    ... okay on input line 19.
LaTeX Font Info:    Checking defaults for PU/pdf/m/n on input line 19.
LaTeX Font Info:    ... okay on input line 19.

(/usr/share/texlive/texmf-dist/tex/context/base/mkii/supp-pdf.mkii
[Loading MPS to PDF converter (version 2006.09.02).]
\scratchcounter=\count288
\scratchdimen=\dimen177
\scratchbox=\box59
\nofMPsegments=\count289
\nofMParguments=\count290
\everyMPshowfont=\toks25
\MPscratchCnt=\count291
\MPscratchDim=\dimen178
\MPnumerator=\count292
\makeMPintoPDFobject=\count293
\everyMPtoPDFconversion=\toks26
) (/usr/share/texlive/texmf-dist/tex/latex/epstopdf-pkg/epstopdf-base.sty
Package: epstopdf-base 2020-01-24 v2.11 Base part for package epstopdf
Package epstopdf-base Info: Redefining graphics rule for `.eps' on input line 4
85.

(/usr/share/texlive/texmf-dist/tex/latex/latexconfig/epstopdf-sys.cfg
File: epstopdf-sys.cfg 2010/07/13 v1.3 Configuration of (r)epstopdf for TeX Liv
e
))
*geometry* driver: auto-detecting
*geometry* detected driver: pdftex
*geometry* verbose mode - [ preamble ] result:
* driver: pdftex
* paper: a4paper
* layout: <same size as paper>
* layoutoffset:(h,v)=(0.0pt,0.0pt)
* modes: 
* h-part:(L,W,R)=(85.35826pt, 422.52252pt, 89.62709pt)
* v-part:(T,H,B)=(101.40665pt, 591.5302pt, 152.11pt)
* \paperwidth=597.50787pt
* \paperheight=845.04684pt
* \textwidth=422.52252pt
* \textheight=591.5302pt
* \oddsidemargin=13.08827pt
* \evensidemargin=13.08827pt
* \topmargin=-7.86334pt
* \headheight=12.0pt
* \headsep=25.0pt
* \topskip=12.0pt
* \footskip=30.0pt
* \marginparwidth=35.0pt
* \marginparsep=10.0pt
* \columnsep=10.0pt
* \skip\footins=10.8pt plus 4.0pt minus 2.0pt
* \hoffset=0.0pt
* \voffset=0.0pt
* \mag=1000
* \@twocolumnfalse
* \@twosidefalse
* \@mparswitchfalse
* \@reversemarginfalse
* (1in=72.27pt=25.4mm, 1cm=28.453pt)

\c@lstlisting=\count294
Package hyperref Info: Link coloring OFF on input line 19.
(/usr/share/texlive/texmf-dist/tex/latex/hyperref/nameref.sty
Package: nameref 2021-04-02 v2.47 Cross-referencing by name of section

(/usr/share/texlive/texmf-dist/tex/latex/refcount/refcount.sty
Package: refcount 2019/12/15 v3.6 Data extraction from label references (HO)
)
(/usr/share/texlive/texmf-dist/tex/generic/gettitlestring/gettitlestring.sty
Package: gettitlestring 2019/12/15 v1.6 Cleanup title references (HO)
)
\c@section@level=\count295
)
LaTeX Info: Redefining \ref on input line 19.
LaTeX Info: Redefining \pageref on input line 19.
LaTeX Info: Redefining \nameref on input line 19.

(./practica3.out) (./practica3.out)
\@outlinefile=\write3
\openout3 = `practica3.out'.

<images//logo.jpg, id=60, 632.3625pt x 321.2pt>
File: images//logo.jpg Graphic file (type jpg)
<use images//logo.jpg>
Package pdftex.def Info: images//logo.jpg  used on input line 22.
(pdftex.def)             Requested size: 126.75804pt x 64.38098pt.
 [1

{/var/lib/texmf/fonts/map/pdftex/updmap/pdftex.map} <./images//logo.jpg>] (./pr
actica3.toc
LaTeX Font Info:    External font `cmex10' loaded for size
(Font)              <12> on input line 2.
LaTeX Font Info:    External font `cmex10' loaded for size
(Font)              <8> on input line 2.
LaTeX Font Info:    External font `cmex10' loaded for size
(Font)              <6> on input line 2.
)
\tf@toc=\write4
\openout4 = `practica3.toc'.

pdfTeX warning (ext4): destination with the same identifier (name{page.1}) has 
been already used, duplicate ignored
<to be read again> 
                   \relax 
l.41 \newpage
              [1

]
Underfull \hbox (badness 10000) in paragraph at lines 43--45

 []


Underfull \hbox (badness 10000) in paragraph at lines 49--53

 []


Underfull \hbox (badness 10000) in paragraph at lines 58--62

 []


Underfull \hbox (badness 10000) in paragraph at lines 63--65

 []

<images//enunciado1.png, id=90, 843.15pt x 1166.3575pt>
File: images//enunciado1.png Graphic file (type png)
<use images//enunciado1.png>
Package pdftex.def Info: images//enunciado1.png  used on input line 79.
(pdftex.def)             Requested size: 338.0193pt x 467.60257pt.

Overfull \hbox (45.08005pt too wide) in paragraph at lines 79--80
 [][] 
 []


LaTeX Warning: `h' float specifier changed to `ht'.

[2] [3 <./images//enunciado1.png>]
Chapter 1.

Underfull \hbox (badness 10000) in paragraph at lines 85--87

 []


Underfull \hbox (badness 10000) in paragraph at lines 105--107

 []

[4

]
Underfull \hbox (badness 10000) in paragraph at lines 108--111

 []

[5]
Chapter 2.

Overfull \hbox (10.50703pt too wide) in paragraph at lines 112--112
|[]\OT1/cmr/bx/n/24.88 Traducci^^Son de di-rec-ciones y puer-
 []


Overfull \hbox (11.99345pt too wide) in paragraph at lines 131--134
\OT1/cmr/bx/n/12 ip[]conntrack \OT1/cmr/m/n/12 del \OT1/cmr/bx/n/12 fire-wall \
OT1/cmr/m/n/12 cada medio se-gundo. Para hac-erlo au-tom^^Saticamente,
 []


Underfull \hbox (badness 10000) in paragraph at lines 137--139

 []

[6

]
<images//ej2.1.1_1.png, id=120, 1180.41pt x 77.28876pt>
File: images//ej2.1.1_1.png Graphic file (type png)
<use images//ej2.1.1_1.png>
Package pdftex.def Info: images//ej2.1.1_1.png  used on input line 144.
(pdftex.def)             Requested size: 338.0193pt x 22.1313pt.

Underfull \hbox (badness 10000) in paragraph at lines 146--148

 []

<images//ej2.1.1_2.png, id=121, 1256.695pt x 63.23625pt>
File: images//ej2.1.1_2.png Graphic file (type png)
<use images//ej2.1.1_2.png>
Package pdftex.def Info: images//ej2.1.1_2.png  used on input line 152.
(pdftex.def)             Requested size: 338.0193pt x 17.00839pt.

Underfull \hbox (badness 10000) in paragraph at lines 154--156

 []

<images//ej2.1.1_3.png, id=122, 1256.695pt x 63.23625pt>
File: images//ej2.1.1_3.png Graphic file (type png)
<use images//ej2.1.1_3.png>
Package pdftex.def Info: images//ej2.1.1_3.png  used on input line 160.
(pdftex.def)             Requested size: 338.0193pt x 17.00839pt.

Underfull \hbox (badness 10000) in paragraph at lines 162--165

 []

[7 <./images//ej2.1.1_1.png> <./images//ej2.1.1_2.png> <./images//ej2.1.1_3.png
>]
Overfull \hbox (9.80771pt too wide) in paragraph at lines 172--173
\OT1/cmr/m/n/12 Obseva qu^^Se regla(s) est^^San cumpliendo los pa-que-tes y cu^
^Santas ve-ces se cumple(n). 
 []


Underfull \hbox (badness 10000) in paragraph at lines 172--173

 []

<images//ej2.1.1_5.png, id=134, 1192.455pt x 228.855pt>
File: images//ej2.1.1_5.png Graphic file (type png)
<use images//ej2.1.1_5.png>
Package pdftex.def Info: images//ej2.1.1_5.png  used on input line 183.
(pdftex.def)             Requested size: 338.0193pt x 64.87164pt.

Underfull \hbox (badness 10000) in paragraph at lines 185--188

 []

<images//ej2.1.1_6.png, id=135, 1192.455pt x 228.855pt>
File: images//ej2.1.1_6.png Graphic file (type png)
<use images//ej2.1.1_6.png>
Package pdftex.def Info: images//ej2.1.1_6.png  used on input line 192.
(pdftex.def)             Requested size: 338.0193pt x 64.87164pt.
[8 <./images//ej2.1.1_5.png> <./images//ej2.1.1_6.png>]
<images//ej2.1.2_1.b.png, id=144, 1256.695pt x 63.23625pt>
File: images//ej2.1.2_1.b.png Graphic file (type png)
<use images//ej2.1.2_1.b.png>
Package pdftex.def Info: images//ej2.1.2_1.b.png  used on input line 215.
(pdftex.def)             Requested size: 338.0193pt x 17.00839pt.

Underfull \hbox (badness 10000) in paragraph at lines 217--219

 []

<images//ej2.1.2_1.c.png, id=145, 1256.695pt x 63.23625pt>
File: images//ej2.1.2_1.c.png Graphic file (type png)
<use images//ej2.1.2_1.c.png>
Package pdftex.def Info: images//ej2.1.2_1.c.png  used on input line 224.
(pdftex.def)             Requested size: 338.0193pt x 17.00839pt.

Underfull \hbox (badness 10000) in paragraph at lines 229--231

 []

[9 <./images//ej2.1.2_1.b.png> <./images//ej2.1.2_1.c.png>]
Underfull \hbox (badness 10000) in paragraph at lines 235--237

 []

<images//ej2.1.2_2.png, id=157, 1226.5825pt x 228.855pt>
File: images//ej2.1.2_2.png Graphic file (type png)
<use images//ej2.1.2_2.png>
Package pdftex.def Info: images//ej2.1.2_2.png  used on input line 247.
(pdftex.def)             Requested size: 338.0193pt x 63.06627pt.

Underfull \hbox (badness 10000) in paragraph at lines 249--252

 []

<images//ej2.1.2_3.png, id=158, 1226.5825pt x 228.855pt>
File: images//ej2.1.2_3.png Graphic file (type png)
<use images//ej2.1.2_3.png>
Package pdftex.def Info: images//ej2.1.2_3.png  used on input line 256.
(pdftex.def)             Requested size: 338.0193pt x 63.06627pt.

LaTeX Warning: `h' float specifier changed to `ht'.

[10 <./images//ej2.1.2_2.png>]
Underfull \hbox (badness 10000) in paragraph at lines 266--272

 []


Underfull \hbox (badness 10000) in paragraph at lines 273--275

 []

[11 <./images//ej2.1.2_3.png>]
Underfull \hbox (badness 10000) in paragraph at lines 293--295

 []

<images//ej2.1.3_5.png, id=174, 1226.5825pt x 228.855pt>
File: images//ej2.1.3_5.png Graphic file (type png)
<use images//ej2.1.3_5.png>
Package pdftex.def Info: images//ej2.1.3_5.png  used on input line 305.
(pdftex.def)             Requested size: 338.0193pt x 63.06627pt.
[12 <./images//ej2.1.3_5.png>]
Underfull \hbox (badness 10000) in paragraph at lines 323--326

 []


Underfull \hbox (badness 10000) in paragraph at lines 335--336

 []

<images//ej2.2.1_1.png, id=187, 1175.39125pt x 85.31876pt>
File: images//ej2.2.1_1.png Graphic file (type png)
<use images//ej2.2.1_1.png>
Package pdftex.def Info: images//ej2.2.1_1.png  used on input line 340.
(pdftex.def)             Requested size: 338.0193pt x 24.5361pt.

LaTeX Warning: `h' float specifier changed to `ht'.


Underfull \hbox (badness 10000) in paragraph at lines 342--343

 []

[13]
<images//ej2.2.1_2.png, id=194, 1257.69875pt x 250.9375pt>
File: images//ej2.2.1_2.png Graphic file (type png)
<use images//ej2.2.1_2.png>
Package pdftex.def Info: images//ej2.2.1_2.png  used on input line 353.
(pdftex.def)             Requested size: 338.0193pt x 67.44005pt.

Underfull \hbox (badness 10000) in paragraph at lines 355--356

 []

<images//ej2.2.1_3.png, id=195, 2365.83875pt x 166.6225pt>
File: images//ej2.2.1_3.png Graphic file (type png)
<use images//ej2.2.1_3.png>
Package pdftex.def Info: images//ej2.2.1_3.png  used on input line 361.
(pdftex.def)             Requested size: 380.26768pt x 26.77963pt.
[14 <./images//ej2.2.1_1.png> <./images//ej2.2.1_2.png> <./images//ej2.2.1_3.pn
g>]
Underfull \hbox (badness 10000) in paragraph at lines 375--377

 []


Underfull \hbox (badness 10000) in paragraph at lines 380--382

 []


Underfull \hbox (badness 10000) in paragraph at lines 391--392

 []

<images//ej2.2.2_1.png, id=205, 1179.40625pt x 117.43875pt>
File: images//ej2.2.2_1.png Graphic file (type png)
<use images//ej2.2.2_1.png>
Package pdftex.def Info: images//ej2.2.2_1.png  used on input line 396.
(pdftex.def)             Requested size: 338.0193pt x 33.65854pt.

LaTeX Warning: `h' float specifier changed to `ht'.


Underfull \hbox (badness 10000) in paragraph at lines 398--399

 []

[15]
<images//ej2.2.2_2.png, id=211, 1361.085pt x 277.035pt>
File: images//ej2.2.2_2.png Graphic file (type png)
<use images//ej2.2.2_2.png>
Package pdftex.def Info: images//ej2.2.2_2.png  used on input line 410.
(pdftex.def)             Requested size: 338.0193pt x 68.7978pt.

Underfull \hbox (badness 10000) in paragraph at lines 412--413

 []

<images//ej2.2.2_3.png, id=212, 1632.0975pt x 37.13875pt>
File: images//ej2.2.2_3.png Graphic file (type png)
<use images//ej2.2.2_3.png>
Package pdftex.def Info: images//ej2.2.2_3.png  used on input line 417.
(pdftex.def)             Requested size: 380.26768pt x 8.6528pt.
[16 <./images//ej2.2.2_1.png> <./images//ej2.2.2_2.png> <./images//ej2.2.2_3.pn
g>]
Chapter 3.

Underfull \hbox (badness 10000) in paragraph at lines 432--434

 []

[17

]
Underfull \hbox (badness 10000) in paragraph at lines 461--462

 []


Underfull \hbox (badness 10000) in paragraph at lines 469--471

 []

<images//ej3_1.png, id=232, 1531.7225pt x 462.72874pt>
File: images//ej3_1.png Graphic file (type png)
<use images//ej3_1.png>
Package pdftex.def Info: images//ej3_1.png  used on input line 479.
(pdftex.def)             Requested size: 338.0193pt x 102.1113pt.

LaTeX Warning: `h' float specifier changed to `ht'.


Underfull \hbox (badness 10000) in paragraph at lines 481--483

 []

[18]
Overfull \hbox (9.27061pt too wide) in paragraph at lines 492--495
[]\OT1/cmr/m/n/12 Consulta la lista de re-glas en el \OT1/cmr/bx/n/12 fire-wall
 \OT1/cmr/m/n/12 e in-dica cu^^Sales se est^^San cumpliendo
 []


Underfull \hbox (badness 10000) in paragraph at lines 492--495

 []

<images//ej3_2.png, id=242, 1531.7225pt x 458.71375pt>
File: images//ej3_2.png Graphic file (type png)
<use images//ej3_2.png>
Package pdftex.def Info: images//ej3_2.png  used on input line 506.
(pdftex.def)             Requested size: 338.0193pt x 101.22531pt.
[19 <./images//ej3_1.png> <./images//ej3_2.png>]
Overfull \hbox (9.27061pt too wide) in paragraph at lines 515--517
[]\OT1/cmr/m/n/12 Consulta la lista de re-glas en el \OT1/cmr/bx/n/12 fire-wall
 \OT1/cmr/m/n/12 e in-dica cu^^Sales se est^^San cumpliendo
 []


Underfull \hbox (badness 10000) in paragraph at lines 515--517

 []

<images//ej3_3.png, id=251, 1531.7225pt x 458.71375pt>
File: images//ej3_3.png Graphic file (type png)
<use images//ej3_3.png>
Package pdftex.def Info: images//ej3_3.png  used on input line 528.
(pdftex.def)             Requested size: 338.0193pt x 101.22531pt.

Underfull \hbox (badness 10000) in paragraph at lines 530--532

 []


Overfull \hbox (9.27061pt too wide) in paragraph at lines 541--543
[]\OT1/cmr/m/n/12 Consulta la lista de re-glas en el \OT1/cmr/bx/n/12 fire-wall
 \OT1/cmr/m/n/12 e in-dica cu^^Sales se est^^San cumpliendo
 []


Underfull \hbox (badness 10000) in paragraph at lines 541--543

 []

[20 <./images//ej3_3.png>]
<images//ej3_4.png, id=260, 1531.7225pt x 458.71375pt>
File: images//ej3_4.png Graphic file (type png)
<use images//ej3_4.png>
Package pdftex.def Info: images//ej3_4.png  used on input line 554.
(pdftex.def)             Requested size: 338.0193pt x 101.22531pt.

Underfull \hbox (badness 10000) in paragraph at lines 556--558

 []


Overfull \hbox (9.27061pt too wide) in paragraph at lines 567--572
[]\OT1/cmr/m/n/12 Consulta la lista de re-glas en el \OT1/cmr/bx/n/12 fire-wall
 \OT1/cmr/m/n/12 e in-dica cu^^Sales se est^^San cumpliendo
 []


Underfull \hbox (badness 10000) in paragraph at lines 567--572

 []

<images//ej3_5.png, id=262, 1531.7225pt x 458.71375pt>
File: images//ej3_5.png Graphic file (type png)
<use images//ej3_5.png>
Package pdftex.def Info: images//ej3_5.png  used on input line 583.
(pdftex.def)             Requested size: 338.0193pt x 101.22531pt.
[21 <./images//ej3_4.png>]
Underfull \hbox (badness 10000) in paragraph at lines 585--587

 []

[22 <./images//ej3_5.png>]
Chapter 4.
(/usr/share/texlive/texmf-dist/tex/latex/listings/lstlang1.sty
File: lstlang1.sty 2020/03/24 1.8d listings language file
)
(/usr/share/texlive/texmf-dist/tex/latex/listings/lstlang1.sty
File: lstlang1.sty 2020/03/24 1.8d listings language file
)
(./include/fw1.sh) (./include/fw2.sh
Overfull \hbox (70.2768pt too wide) in paragraph at lines 6--8
[][][][][][][][][][][][][][][][][][][][][][][][][][][][][][][][][][][][][][][][
][][][][][][] 
 []


Overfull \hbox (87.87677pt too wide) in paragraph at lines 9--10
[][][][][][][][][][][][][][][][][][][][][][][][][][][][][][][][][][][][][][][][
][][][][][][] 
 []

)
Overfull \hbox (87.87677pt too wide) in paragraph at lines 10--593
[][][][][][][][][][][][][][][][][][][][][][][][][][][][][][][][][][][][][][][][
][][][][][][] 
 []

(./include/fw3.sh
Overfull \hbox (30.67685pt too wide) in paragraph at lines 22--23
[][][][][][][][][][][][][][][][][][][][][][][][][][][][][][][][][][][][][][][][
][][][][][][][][][][][] 
 []


Overfull \hbox (48.27682pt too wide) in paragraph at lines 25--26
[][][][][][][][][][][][][][][][][][][][][][][][][][][][][][][][][][][][][][][][
][][][][][][][][][][][] 
 []


Overfull \hbox (26.27686pt too wide) in paragraph at lines 28--29
[][][][][][][][][][][][][][][][][][][][][][][][][][][][][][][][][][][][][][][][
][][][][][][][][][][][] 
 []

) [23

]
Chapter 5.
(./include/log3_3.log
LaTeX Font Info:    Trying to load font information for OMS+cmr on input line 1
.
 (/usr/share/texlive/texmf-dist/tex/latex/base/omscmr.fd
File: omscmr.fd 2019/12/16 v2.5j Standard LaTeX font definitions
)
LaTeX Font Info:    Font shape `OMS/cmr/m/n' in size <6> not available
(Font)              Font shape `OMS/cmsy/m/n' tried instead on input line 1.
) (./include/log3_4.log) (./include/log3_5.log
Overfull \hbox (21.87686pt too wide) in paragraph at lines 2--3
[][][][][][][][][][][][][][][][][][][][][][][][][][][][][][][][][][][][][][][][
][][][] 
 []


Overfull \hbox (21.87686pt too wide) in paragraph at lines 4--5
[][][][][][][][][][][][][][][][][][][][][][][][][][][][][][][][][][][][][][][][
][][][] 
 []


Overfull \hbox (39.47684pt too wide) in paragraph at lines 6--7
[][][][][][][][][][][][][][][][][][][][][][][][][][][][][][][][][][][][][][][][
][][][][][] 
 []


Overfull \hbox (21.87686pt too wide) in paragraph at lines 8--9
[][][][][][][][][][][][][][][][][][][][][][][][][][][][][][][][][][][][][][][][
][][][] 
 []


Overfull \hbox (39.47684pt too wide) in paragraph at lines 10--11
[][][][][][][][][][][][][][][][][][][][][][][][][][][][][][][][][][][][][][][][
][][][][][] 
 []

)
Overfull \hbox (21.87686pt too wide) in paragraph at lines 12--598
[][][][][][][][][][][][][][][][][][][][][][][][][][][][][][][][][][][][][][][][
][][][] 
 []

[24

] (./practica3.aux)
Package rerunfilecheck Info: File `practica3.out' has not changed.
(rerunfilecheck)             Checksum: DF8885ECD87FE582685AFAD1584DD78F;2874.
 ) 
Here is how much of TeX's memory you used:
 13228 strings out of 478287
 205189 string characters out of 5849289
 762781 words of memory out of 5000000
 31076 multiletter control sequences out of 15000+600000
 478438 words of font info for 57 fonts, out of 8000000 for 9000
 1141 hyphenation exceptions out of 8191
 60i,9n,99p,422b,1503s stack positions out of 5000i,500n,10000p,200000b,80000s
{/usr/share/texmf/fonts/enc/dvips/cm-super/cm-super-ts1.enc}</usr/share/texli
ve/texmf-dist/fonts/type1/public/amsfonts/cm/cmbx12.pfb></usr/share/texlive/tex
mf-dist/fonts/type1/public/amsfonts/cm/cmbx6.pfb></usr/share/texlive/texmf-dist
/fonts/type1/public/amsfonts/cm/cmbxti10.pfb></usr/share/texlive/texmf-dist/fon
ts/type1/public/amsfonts/cm/cmcsc10.pfb></usr/share/texlive/texmf-dist/fonts/ty
pe1/public/amsfonts/cm/cmmi12.pfb></usr/share/texlive/texmf-dist/fonts/type1/pu
blic/amsfonts/cm/cmr12.pfb></usr/share/texlive/texmf-dist/fonts/type1/public/am
sfonts/cm/cmr17.pfb></usr/share/texlive/texmf-dist/fonts/type1/public/amsfonts/
cm/cmr6.pfb></usr/share/texlive/texmf-dist/fonts/type1/public/amsfonts/cm/cmsy1
0.pfb></usr/share/texlive/texmf-dist/fonts/type1/public/amsfonts/cm/cmsy6.pfb><
/usr/share/texlive/texmf-dist/fonts/type1/public/amsfonts/cm/cmti12.pfb></usr/s
hare/texlive/texmf-dist/fonts/type1/public/amsfonts/cm/cmti7.pfb></usr/share/te
xmf/fonts/type1/public/cm-super/sfrm0600.pfb></usr/share/texmf/fonts/type1/publ
ic/cm-super/sfrm1200.pfb>
Output written on practica3.pdf (25 pages, 2648959 bytes).
PDF statistics:
 450 PDF objects out of 1000 (max. 8388607)
 346 compressed objects within 4 object streams
 149 named destinations out of 1000 (max. 500000)
 228 words of extra memory for PDF output out of 10000 (max. 10000000)

